生成启动时间为 2018/8/22 16:19:45。
     1>项目“D:\zzy.c\C_双向链表\C_双向链表\C_双向链表.vcxproj”在节点 2 上(Build 个目标)。
     1>ClCompile:
         D:\比特人\vs2013\VC\bin\CL.exe /c /ZI /nologo /W3 /WX- /sdl /Od /Oy- /D _UNICODE /D UNICODE /Gm /EHsc /RTC1 /MDd /GS /fp:precise /Zc:wchar_t /Zc:forScope /Fo"Debug\\" /Fd"Debug\vc120.pdb" /Gd /TC /analyze- /errorReport:prompt list.c
         list.c
     1>d:\zzy.c\c_双向链表\c_双向链表\list.c(5): warning C4133: “=”: 从“LTDataType *”到“ListNode *”的类型不兼容
     1>d:\zzy.c\c_双向链表\c_双向链表\list.c(55): warning C4047: “<”:“ListNode *”与“int”的间接级别不同
     1>d:\zzy.c\c_双向链表\c_双向链表\list.c(59): warning C4047: “>”:“ListNode *”与“int”的间接级别不同
     1>d:\zzy.c\c_双向链表\c_双向链表\list.c(63): warning C4133: “初始化”: 从“List *”到“ListNode *”的类型不兼容
     1>d:\zzy.c\c_双向链表\c_双向链表\list.c(70): warning C4047: “!=”:“int”与“ListNode *”的间接级别不同
     1>d:\zzy.c\c_双向链表\c_双向链表\list.c(80): warning C4029: 声明的形参表不同于定义
     1>d:\zzy.c\c_双向链表\c_双向链表\list.c(82): warning C4133: “函数”: 从“ListNode *”到“List *”的类型不兼容
     1>d:\zzy.c\c_双向链表\c_双向链表\list.c(85): warning C4029: 声明的形参表不同于定义
     1>d:\zzy.c\c_双向链表\c_双向链表\list.c(87): warning C4133: “函数”: 从“ListNode *”到“List *”的类型不兼容
     1>d:\zzy.c\c_双向链表\c_双向链表\list.c(97): warning C4133: “=”: 从“ListNode *”到“List *”的类型不兼容
     1>d:\zzy.c\c_双向链表\c_双向链表\list.c(100): warning C4047: “return”:“ListNode *”与“int”的间接级别不同
     1>d:\zzy.c\c_双向链表\c_双向链表\list.c(102): warning C4047: “return”:“ListNode *”与“int”的间接级别不同
       Link:
         D:\比特人\vs2013\VC\bin\link.exe /ERRORREPORT:PROMPT /OUT:"D:\zzy.c\C_双向链表\Debug\C_双向链表.exe" /INCREMENTAL /NOLOGO kernel32.lib user32.lib gdi32.lib winspool.lib comdlg32.lib advapi32.lib shell32.lib ole32.lib oleaut32.lib uuid.lib odbc32.lib odbccp32.lib /MANIFEST /MANIFESTUAC:"level='asInvoker' uiAccess='false'" /manifest:embed /DEBUG /PDB:"D:\zzy.c\C_双向链表\Debug\C_双向链表.pdb" /TLBID:1 /DYNAMICBASE /NXCOMPAT /IMPLIB:"D:\zzy.c\C_双向链表\Debug\C_双向链表.lib" /MACHINE:X86 Debug\list.obj
         Debug\test.obj
         C_双向链表.vcxproj -> D:\zzy.c\C_双向链表\Debug\C_双向链表.exe
     1>已完成生成项目“D:\zzy.c\C_双向链表\C_双向链表\C_双向链表.vcxproj”(Build 个目标)的操作。

生成成功。

已用时间 00:00:00.39
