生成启动时间为 2018/10/20 12:41:22。
     1>项目“D:\code\zzy.c\排序\排序\排序.vcxproj”在节点 2 上(Build 个目标)。
     1>ClCompile:
         D:\比特人\vs2013\VC\bin\CL.exe /c /ZI /nologo /W3 /WX- /sdl /Od /Oy- /D _UNICODE /D UNICODE /Gm /EHsc /RTC1 /MDd /GS /fp:precise /Zc:wchar_t /Zc:forScope /Fo"Debug\\" /Fd"Debug\vc120.pdb" /Gd /TC /analyze- /errorReport:prompt sort.c test.c
         test.c
         sort.c
     1>d:\code\zzy.c\排序\排序\sort.c(154): warning C4047: “函数”:“int *”与“int”的间接级别不同
     1>d:\code\zzy.c\排序\排序\sort.c(154): warning C4024: “Swap”: 形参和实参 1 的类型不同
     1>d:\code\zzy.c\排序\排序\sort.c(154): warning C4024: “Swap”: 形参和实参 2 的类型不同
     1>d:\code\zzy.c\排序\排序\sort.c(284): warning C4022: “memcpy”: 指针与实参 2 不匹配
         正在生成代码...
     1>d:\code\zzy.c\排序\排序\sort.c(40): warning C4716: “ShellSort”: 必须返回一个值
     1>d:\code\zzy.c\排序\排序\sort.c(252): warning C4716: “QuickSort”: 必须返回一个值
     1>d:\code\zzy.c\排序\排序\sort.c(248): warning C4716: “QuickSort_OP”: 必须返回一个值
     1>d:\code\zzy.c\排序\排序\sort.c(267): warning C4717: “_MergeSort”: 如递归所有控件路径，函数将导致运行时堆栈溢出
       Link:
         D:\比特人\vs2013\VC\bin\link.exe /ERRORREPORT:PROMPT /OUT:"D:\code\zzy.c\排序\Debug\排序.exe" /INCREMENTAL /NOLOGO kernel32.lib user32.lib gdi32.lib winspool.lib comdlg32.lib advapi32.lib shell32.lib ole32.lib oleaut32.lib uuid.lib odbc32.lib odbccp32.lib /MANIFEST /MANIFESTUAC:"level='asInvoker' uiAccess='false'" /manifest:embed /DEBUG /PDB:"D:\code\zzy.c\排序\Debug\排序.pdb" /TLBID:1 /DYNAMICBASE /NXCOMPAT /IMPLIB:"D:\code\zzy.c\排序\Debug\排序.lib" /MACHINE:X86 Debug\sort.obj
         Debug\test.obj
         排序.vcxproj -> D:\code\zzy.c\排序\Debug\排序.exe
     1>已完成生成项目“D:\code\zzy.c\排序\排序\排序.vcxproj”(Build 个目标)的操作。

生成成功。

已用时间 00:00:01.30
